#
# A fatal error has been detected by the Java Runtime Environment:
#
#  EXCEPTION_ACCESS_VIOLATION (0xc0000005) at pc=0x00007ffefcef6730, pid=3120, tid=5812
#
# JRE version: OpenJDK Runtime Environment (17.0.1+12) (build 17.0.1+12-39)
# Java VM: OpenJDK 64-Bit Server VM (17.0.1+12-39, mixed mode, sharing, tiered, compressed oops, compressed class ptrs, g1 gc, windows-amd64)
# Problematic frame:
# C  [glass.dll+0x26730]
#
# No core dump will be written. Minidumps are not enabled by default on client versions of Windows
#
# If you would like to submit a bug report, please visit:
#   https://bugreport.java.com/bugreport/crash.jsp
#

---------------  S U M M A R Y ------------

Command Line: -javaagent:C:\Program Files\JetBrains\IntelliJ IDEA Community Edition 2021.2.1\lib\idea_rt.jar=56177:C:\Program Files\JetBrains\IntelliJ IDEA Community Edition 2021.2.1\bin -Dfile.encoding=UTF-8 --module-path=C:\Users\admin\.m2\repository\org\openjfx\javafx-media\11.0.2\javafx-media-11.0.2-win.jar;C:\Users\admin\.m2\repository\org\openjfx\javafx-controls\11.0.2\javafx-controls-11.0.2-win.jar;C:\Users\admin\.m2\repository\org\openjfx\javafx-graphics\11.0.2\javafx-graphics-11.0.2-win.jar;D:\!Univer\CalendarSPS\target\classes;C:\Users\admin\.m2\repository\eu\hansolo\tilesfx\11.48\tilesfx-11.48.jar;C:\Users\admin\.m2\repository\org\controlsfx\controlsfx\11.1.0\controlsfx-11.1.0.jar;C:\Users\admin\.m2\repository\org\openjfx\javafx-web\11.0.2\javafx-web-11.0.2-win.jar;C:\Users\admin\.m2\repository\org\openjfx\javafx-fxml\11.0.2\javafx-fxml-11.0.2-win.jar;C:\Users\admin\.m2\repository\net\synedra\validatorfx\0.1.13\validatorfx-0.1.13.jar;C:\Users\admin\.m2\repository\org\kordamp\ikonli\ikonli-core\12.2.0\ikonli-core-12.2.0.jar;C:\Users\admin\.m2\repository\org\kordamp\bootstrapfx\bootstrapfx-core\0.4.0\bootstrapfx-core-0.4.0.jar;C:\Users\admin\.m2\repository\org\openjfx\javafx-base\11.0.2\javafx-base-11.0.2-win.jar;C:\Users\admin\.m2\repository\com\dlsc\formsfx\formsfx-core\11.3.2\formsfx-core-11.3.2.jar;C:\Users\admin\.m2\repository\org\kordamp\ikonli\ikonli-javafx\12.2.0\ikonli-javafx-12.2.0.jar -Djdk.module.main=com.bestgroup.calendar com.bestgroup.calendar/com.bestgroup.calendar.HelloApplication

Host: AMD A10-9600P RADEON R5, 10 COMPUTE CORES 4C+6G, 4 cores, 5G,  Windows 10 , 64 bit Build 19041 (10.0.19041.1202)
Time: Tue Nov  2 17:33:18 2021 RTZ 2 (s 10 , 64 bit Build 19041 (10.0.19041.1202) elapsed time: 558.470777 seconds (0d 0h 9m 18s)

---------------  T H R E A D  ---------------

Current thread (0x0000025a02e90de0):  VMThread "VM Thread" [stack: 0x000000b5d1500000,0x000000b5d1600000] [id=5812]

Stack: [0x000000b5d1500000,0x000000b5d1600000],  sp=0x000000b5d15ff490,  free space=1021k
Native frames: (J=compiled Java code, j=interpreted, Vv=VM code, C=native code)
C  [glass.dll+0x26730]


siginfo: EXCEPTION_ACCESS_VIOLATION (0xc0000005), reading address 0x0000000000000000


Register to memory mapping:

RIP=0x00007ffefcef6730 glass.dll
RAX=0x0 is NULL
RBX=0x0000025a02e9c4e0 is a global jni handle
RCX=0x0000025a02e90de0 points into unknown readable memory: 0x00007ffec8dcc5c0 | c0 c5 dc c8 fe 7f 00 00
RDX=0x000000b5d15ff490 points into unknown readable memory: 0x0000000000000000 | 00 00 00 00 00 00 00 00
RSP=0x000000b5d15ff490 points into unknown readable memory: 0x0000000000000000 | 00 00 00 00 00 00 00 00
RBP=0x0000025a222c2158 points into unknown readable memory: 0x0000eef89339a4af | af a4 39 93 f8 ee 00 00
RSI=0x0000025a222c2130 points into unknown readable memory: 0x9b6ceef8acc6dad8 | d8 da c6 ac f8 ee 6c 9b
RDI=0x0000eef89339a4af is an unknown value
R8 =0x0000000000010002 is an unknown value
R9 =0x0000eef89339a4af is an unknown value
R10=0x0000000000008000 is an unknown value
R11=0x000000b5d15ff430 points into unknown readable memory: 0x0000025a222c2130 | 30 21 2c 22 5a 02 00 00
R12=0x00007ffefcef3be0 glass.dll
R13=0x00007ffec8f72940 jvm.dll
R14=0x000000b5d15ff598 points into unknown readable memory: 0x000000b5d15ff580 | 80 f5 5f d1 b5 00 00 00
R15=0x0000025a222c2130 points into unknown readable memory: 0x9b6ceef8acc6dad8 | d8 da c6 ac f8 ee 6c 9b


Registers:
RAX=0x0000000000000000, RBX=0x0000025a02e9c4e0, RCX=0x0000025a02e90de0, RDX=0x000000b5d15ff490
RSP=0x000000b5d15ff490, RBP=0x0000025a222c2158, RSI=0x0000025a222c2130, RDI=0x0000eef89339a4af
R8 =0x0000000000010002, R9 =0x0000eef89339a4af, R10=0x0000000000008000, R11=0x000000b5d15ff430
R12=0x00007ffefcef3be0, R13=0x00007ffec8f72940, R14=0x000000b5d15ff598, R15=0x0000025a222c2130
RIP=0x00007ffefcef6730, EFLAGS=0x0000000000010206

Top of Stack: (sp=0x000000b5d15ff490)
0x000000b5d15ff490:   0000000000000000 00007fff1da7f05b
0x000000b5d15ff4a0:   0000025a222c2140 0000025a222c2130
0x000000b5d15ff4b0:   fffffffffffffffe 00007ffefcef3be0
0x000000b5d15ff4c0:   0000025a222c2138 00007fff1da842d6
0x000000b5d15ff4d0:   0000025a222c2140 0000025a00000000
0x000000b5d15ff4e0:   0000025a222c2158 0000025a222c2130
0x000000b5d15ff4f0:   fffffffffffffffe 0000000000000000
0x000000b5d15ff500:   0000000000000001 00007ffefced0000
0x000000b5d15ff510:   000000b5d15ff588 00007fff1da841fb
0x000000b5d15ff520:   0000000000000000 000000b5d15ff598
0x000000b5d15ff530:   000000b5d15ff850 00007fff1db60e40
0x000000b5d15ff540:   0000000000000001 00007fff1da841b4
0x000000b5d15ff550:   0000000000000000 0000000000000001
0x000000b5d15ff560:   0000000000000001 000000b5d15ff588
0x000000b5d15ff570:   0000000000000000 00007ffefcef3a60
0x000000b5d15ff580:   00007ffefcf0d100 000000b500000002 

Instructions: (pc=0x00007ffefcef6730)
0x00007ffefcef6630:   8b 4d 60 e8 d8 c9 ff ff 48 8b 55 68 48 8b 8d 08
0x00007ffefcef6640:   01 00 00 e8 a9 be ff ff 33 d2 33 c9 e8 a9 de ff
0x00007ffefcef6650:   ff 90 cc cc cc cc cc cc cc cc cc cc cc cc cc cc
0x00007ffefcef6660:   48 8d 8a 80 00 00 00 e9 14 ea fe ff 48 89 54 24
0x00007ffefcef6670:   10 55 48 83 ec 20 48 8b ea 48 8d 05 1d cb ff ff
0x00007ffefcef6680:   48 83 c4 20 5d c3 cc 40 55 48 8b ea 48 8b 01 33
0x00007ffefcef6690:   c9 81 38 05 00 00 c0 0f 94 c1 8b c1 5d c3 cc 40
0x00007ffefcef66a0:   55 48 83 ec 20 48 8b ea 8a 4d 40 48 83 c4 20 5d
0x00007ffefcef66b0:   e9 23 ce ff ff cc 40 55 48 83 ec 20 48 8b ea e8
0x00007ffefcef66c0:   3c cc ff ff 8a 4d 38 48 83 c4 20 5d e9 07 ce ff
0x00007ffefcef66d0:   ff cc 40 55 48 83 ec 30 48 8b ea 48 8b 01 8b 10
0x00007ffefcef66e0:   48 89 4c 24 28 89 54 24 20 4c 8d 0d d0 d1 ff ff
0x00007ffefcef66f0:   4c 8b 45 70 8b 55 68 48 8b 4d 60 e8 70 cb ff ff
0x00007ffefcef6700:   90 48 83 c4 30 5d c3 cc cc cc cc cc cc cc cc cc
0x00007ffefcef6710:   40 53 48 83 ec 30 48 c7 44 24 20 fe ff ff ff 48
0x00007ffefcef6720:   8b 1d ea 63 01 00 48 85 db 74 16 e8 90 86 ff ff
0x00007ffefcef6730:   4c 8b 00 48 8b d3 48 8b c8 41 ff 90 b0 00 00 00
0x00007ffefcef6740:   90 48 83 c4 30 5b c3 cc cc cc cc cc cc cc cc cc
0x00007ffefcef6750:   40 53 48 83 ec 20 48 8b 1d 4b 65 01 00 48 85 db
0x00007ffefcef6760:   74 57 b8 ff ff ff ff f0 0f c1 43 10 83 f8 01 75
0x00007ffefcef6770:   3d 48 85 db 74 38 48 8b 0b 48 85 c9 74 0d ff 15
0x00007ffefcef6780:   24 0b 00 00 48 c7 03 00 00 00 00 48 8b 4b 08 48
0x00007ffefcef6790:   85 c9 74 0d e8 77 c8 ff ff 48 c7 43 08 00 00 00
0x00007ffefcef67a0:   00 ba 18 00 00 00 48 8b cb e8 62 c8 ff ff 48 c7
0x00007ffefcef67b0:   05 ef 64 01 00 00 00 00 00 48 83 c4 20 5b c3 cc
0x00007ffefcef67c0:   40 53 48 83 ec 20 48 8b 1d bb 64 01 00 48 85 db
0x00007ffefcef67d0:   74 57 b8 ff ff ff ff f0 0f c1 43 10 83 f8 01 75
0x00007ffefcef67e0:   3d 48 85 db 74 38 48 8b 0b 48 85 c9 74 0d ff 15
0x00007ffefcef67f0:   b4 0a 00 00 48 c7 03 00 00 00 00 48 8b 4b 08 48
0x00007ffefcef6800:   85 c9 74 0d e8 07 c8 ff ff 48 c7 43 08 00 00 00
0x00007ffefcef6810:   00 ba 18 00 00 00 48 8b cb e8 f2 c7 ff ff 48 c7
0x00007ffefcef6820:   05 5f 64 01 00 00 00 00 00 48 83 c4 20 5b c3 cc 


Stack slot to memory mapping:
stack at sp + 0 slots: 0x0 is NULL
stack at sp + 1 slots: 0x00007fff1da7f05b ucrtbase.dll
stack at sp + 2 slots: 0x0000025a222c2140 points into unknown readable memory: 0x0000eef89339a4af | af a4 39 93 f8 ee 00 00
stack at sp + 3 slots: 0x0000025a222c2130 points into unknown readable memory: 0x9b6ceef8acc6dad8 | d8 da c6 ac f8 ee 6c 9b
stack at sp + 4 slots: 0xfffffffffffffffe is an unknown value
stack at sp + 5 slots: 0x00007ffefcef3be0 glass.dll
stack at sp + 6 slots: 0x0000025a222c2138 points into unknown readable memory: 0x0000eef89339a4af | af a4 39 93 f8 ee 00 00
stack at sp + 7 slots: 0x00007fff1da842d6 ucrtbase.dll

VM_Operation (0x000000b5d0cff060): Exit, mode: safepoint, requested by thread 0x0000025a2263a410


---------------  P R O C E S S  ---------------

Threads class SMR info:
_java_thread_list=0x0000025a20ecc770, length=20, elements={
0x0000025a02dcda30, 0x0000025a02e958f0, 0x0000025a02e96670, 0x0000025a02eaa990,
0x0000025a02ead360, 0x0000025a02eadc20, 0x0000025a20e8fa30, 0x0000025a02eae8d0,
0x0000025a20ea4a30, 0x0000025a02e7d930, 0x0000025a21c603b0, 0x0000025a21b08500,
0x0000025a21d2d890, 0x0000025a222dbd80, 0x0000025a222dc250, 0x0000025a22500c00,
0x0000025a22509200, 0x0000025a22638730, 0x0000025a22637d90, 0x0000025a2263a410
}

Java Threads: ( => current thread )
  0x0000025a02dcda30 JavaThread "main" [_thread_blocked, id=12268, stack(0x000000b5d0d00000,0x000000b5d0e00000)]
  0x0000025a02e958f0 JavaThread "Reference Handler" daemon [_thread_blocked, id=6772, stack(0x000000b5d1600000,0x000000b5d1700000)]
  0x0000025a02e96670 JavaThread "Finalizer" daemon [_thread_blocked, id=6244, stack(0x000000b5d1700000,0x000000b5d1800000)]
  0x0000025a02eaa990 JavaThread "Attach Listener" daemon [_thread_blocked, id=10164, stack(0x000000b5d1900000,0x000000b5d1a00000)]
  0x0000025a02ead360 JavaThread "Service Thread" daemon [_thread_blocked, id=7552, stack(0x000000b5d1a00000,0x000000b5d1b00000)]
  0x0000025a02eadc20 JavaThread "Monitor Deflation Thread" daemon [_thread_blocked, id=5168, stack(0x000000b5d1b00000,0x000000b5d1c00000)]
  0x0000025a20e8fa30 JavaThread "C2 CompilerThread0" daemon [_thread_blocked, id=10296, stack(0x000000b5d1c00000,0x000000b5d1d00000)]
  0x0000025a02eae8d0 JavaThread "C1 CompilerThread0" daemon [_thread_blocked, id=3996, stack(0x000000b5d1d00000,0x000000b5d1e00000)]
  0x0000025a20ea4a30 JavaThread "Sweeper thread" daemon [_thread_blocked, id=3776, stack(0x000000b5d1e00000,0x000000b5d1f00000)]
  0x0000025a02e7d930 JavaThread "Common-Cleaner" daemon [_thread_blocked, id=9620, stack(0x000000b5d1f00000,0x000000b5d2000000)]
  0x0000025a21c603b0 JavaThread "Monitor Ctrl-Break" daemon [_thread_in_native, id=10828, stack(0x000000b5d2100000,0x000000b5d2200000)]
  0x0000025a21b08500 JavaThread "Notification Thread" daemon [_thread_blocked, id=11612, stack(0x000000b5d2200000,0x000000b5d2300000)]
  0x0000025a21d2d890 JavaThread "QuantumRenderer-0" daemon [_thread_blocked, id=5240, stack(0x000000b5d2000000,0x000000b5d2100000)]
  0x0000025a222dbd80 JavaThread "InvokeLaterDispatcher" daemon [_thread_blocked, id=9168, stack(0x000000b5d2a00000,0x000000b5d2b00000)]
  0x0000025a222dc250 JavaThread "JavaFX Application Thread" [_thread_in_native, id=11072, stack(0x000000b5d2b00000,0x000000b5d2c00000)]
  0x0000025a22500c00 JavaThread "Thread-1" daemon [_thread_in_native, id=9916, stack(0x000000b5d2700000,0x000000b5d2800000)]
  0x0000025a22509200 JavaThread "JavaFX-Launcher" [_thread_blocked, id=1412, stack(0x000000b5d3200000,0x000000b5d3300000)]
  0x0000025a22638730 JavaThread "Prism Font Disposer" daemon [_thread_blocked, id=11996, stack(0x000000b5d3400000,0x000000b5d3500000)]
  0x0000025a22637d90 JavaThread "Cleaner-0" daemon [_thread_blocked, id=3432, stack(0x000000b5d3600000,0x000000b5d3700000)]
  0x0000025a2263a410 JavaThread "SIGINT handler" daemon [_thread_blocked, id=9524, stack(0x000000b5d0c00000,0x000000b5d0d00000)]

Other Threads:
=>0x0000025a02e90de0 VMThread "VM Thread" [stack: 0x000000b5d1500000,0x000000b5d1600000] [id=5812]
  0x0000025a02e016d0 GCTaskThread "GC Thread#0" [stack: 0x000000b5d1000000,0x000000b5d1100000] [id=4548]
  0x0000025a21ab0730 GCTaskThread "GC Thread#1" [stack: 0x000000b5d2400000,0x000000b5d2500000] [id=11792]
  0x0000025a21f8e7f0 GCTaskThread "GC Thread#2" [stack: 0x000000b5d2500000,0x000000b5d2600000] [id=11208]
  0x0000025a21f8eaa0 GCTaskThread "GC Thread#3" [stack: 0x000000b5d2600000,0x000000b5d2700000] [id=5700]
  0x0000025a02e0f440 ConcurrentGCThread "G1 Main Marker" terminated
  0x0000025a02e11510 ConcurrentGCThread "G1 Conc#0" [stack: 0x000000b5d1200000,0x000000b5d1300000] [id=11364]
  0x0000025a02e66880 ConcurrentGCThread "G1 Refine#0" terminated
  0x0000025a02e671b0 ConcurrentGCThread "G1 Service" terminated

Threads with active compile tasks:

VM state: at safepoint (shutting down)

VM Mutex/Monitor currently owned by a thread:  ([mutex/lock_event])
[0x0000025a02dc7e00] Threads_lock - owner thread: 0x0000025a02e90de0
[0x0000025a02dc80d0] Heap_lock - owner thread: 0x0000025a2263a410

Heap address: 0x00000000a6800000, size: 1432 MB, Compressed Oops mode: 32-bit

CDS archive(s) mapped at: [0x0000000800000000-0x0000000800bc0000-0x0000000800bc0000), size 12320768, SharedBaseAddress: 0x0000000800000000, ArchiveRelocationMode: 0.
Compressed class space mapped at: 0x0000000800c00000-0x0000000840c00000, reserved size: 1073741824
Narrow klass base: 0x0000000800000000, Narrow klass shift: 0, Narrow klass range: 0x100000000

GC Precious Log:
 CPUs: 4 total, 4 available
 Memory: 5727M
 Large Page Support: Disabled
 NUMA Support: Disabled
 Compressed Oops: Enabled (32-bit)
 Heap Region Size: 1M
 Heap Min Capacity: 8M
 Heap Initial Capacity: 90M
 Heap Max Capacity: 1432M
 Pre-touch: Disabled
 Parallel Workers: 4
 Concurrent Workers: 1
 Concurrent Refinement Workers: 4
 Periodic GC: Disabled

Heap:
 garbage-first heap   total 92160K, used 24606K [0x00000000a6800000, 0x0000000100000000)
  region size 1024K, 19 young (19456K), 4 survivors (4096K)
 Metaspace       used 16232K, committed 16512K, reserved 1064960K
  class space    used 2225K, committed 2368K, reserved 1048576K

Heap Regions: E=young(eden), S=young(survivor), O=old, HS=humongous(starts), HC=humongous(continues), CS=collection set, F=free, OA=open archive, CA=closed archive, TAMS=top-at-mark-start (previous, next)
|   0|0x00000000a6800000, 0x00000000a6900000, 0x00000000a6900000|100%| O|  |TAMS 0x00000000a6800000, 0x00000000a6800000| Untracked 
|   1|0x00000000a6900000, 0x00000000a6a00000, 0x00000000a6a00000|100%| O|  |TAMS 0x00000000a6900000, 0x00000000a6900000| Untracked 
|   2|0x00000000a6a00000, 0x00000000a6b00000, 0x00000000a6b00000|100%|HS|  |TAMS 0x00000000a6a00000, 0x00000000a6a00000| Complete 
|   3|0x00000000a6b00000, 0x00000000a6c00000, 0x00000000a6c00000|100%|HC|  |TAMS 0x00000000a6b00000, 0x00000000a6b00000| Complete 
|   4|0x00000000a6c00000, 0x00000000a6d00000, 0x00000000a6d00000|100%| O|  |TAMS 0x00000000a6c00000, 0x00000000a6c00000| Untracked 
|   5|0x00000000a6d00000, 0x00000000a6e00000, 0x00000000a6e00000|100%| O|  |TAMS 0x00000000a6d00000, 0x00000000a6d00000| Untracked 
|   6|0x00000000a6e00000, 0x00000000a6ea4c00, 0x00000000a6f00000| 64%| O|  |TAMS 0x00000000a6e00000, 0x00000000a6e00000| Untracked 
|   7|0x00000000a6f00000, 0x00000000a6f00000, 0x00000000a7000000|  0%| F|  |TAMS 0x00000000a6f00000, 0x00000000a6f00000| Untracked 
|   8|0x00000000a7000000, 0x00000000a7000000, 0x00000000a7100000|  0%| F|  |TAMS 0x00000000a7000000, 0x00000000a7000000| Untracked 
|   9|0x00000000a7100000, 0x00000000a7100000, 0x00000000a7200000|  0%| F|  |TAMS 0x00000000a7100000, 0x00000000a7100000| Untracked 
|  10|0x00000000a7200000, 0x00000000a7200000, 0x00000000a7300000|  0%| F|  |TAMS 0x00000000a7200000, 0x00000000a7200000| Untracked 
|  11|0x00000000a7300000, 0x00000000a7300000, 0x00000000a7400000|  0%| F|  |TAMS 0x00000000a7300000, 0x00000000a7300000| Untracked 
|  12|0x00000000a7400000, 0x00000000a7400000, 0x00000000a7500000|  0%| F|  |TAMS 0x00000000a7400000, 0x00000000a7400000| Untracked 
|  13|0x00000000a7500000, 0x00000000a7500000, 0x00000000a7600000|  0%| F|  |TAMS 0x00000000a7500000, 0x00000000a7500000| Untracked 
|  14|0x00000000a7600000, 0x00000000a7600000, 0x00000000a7700000|  0%| F|  |TAMS 0x00000000a7600000, 0x00000000a7600000| Untracked 
|  15|0x00000000a7700000, 0x00000000a7700000, 0x00000000a7800000|  0%| F|  |TAMS 0x00000000a7700000, 0x00000000a7700000| Untracked 
|  16|0x00000000a7800000, 0x00000000a7800000, 0x00000000a7900000|  0%| F|  |TAMS 0x00000000a7800000, 0x00000000a7800000| Untracked 
|  17|0x00000000a7900000, 0x00000000a7900000, 0x00000000a7a00000|  0%| F|  |TAMS 0x00000000a7900000, 0x00000000a7900000| Untracked 
|  18|0x00000000a7a00000, 0x00000000a7a00000, 0x00000000a7b00000|  0%| F|  |TAMS 0x00000000a7a00000, 0x00000000a7a00000| Untracked 
|  19|0x00000000a7b00000, 0x00000000a7b00000, 0x00000000a7c00000|  0%| F|  |TAMS 0x00000000a7b00000, 0x00000000a7b00000| Untracked 
|  20|0x00000000a7c00000, 0x00000000a7c00000, 0x00000000a7d00000|  0%| F|  |TAMS 0x00000000a7c00000, 0x00000000a7c00000| Untracked 
|  21|0x00000000a7d00000, 0x00000000a7d00000, 0x00000000a7e00000|  0%| F|  |TAMS 0x00000000a7d00000, 0x00000000a7d00000| Untracked 
|  22|0x00000000a7e00000, 0x00000000a7e00000, 0x00000000a7f00000|  0%| F|  |TAMS 0x00000000a7e00000, 0x00000000a7e00000| Untracked 
|  23|0x00000000a7f00000, 0x00000000a7f00000, 0x00000000a8000000|  0%| F|  |TAMS 0x00000000a7f00000, 0x00000000a7f00000| Untracked 
|  24|0x00000000a8000000, 0x00000000a8000000, 0x00000000a8100000|  0%| F|  |TAMS 0x00000000a8000000, 0x00000000a8000000| Untracked 
|  25|0x00000000a8100000, 0x00000000a8100000, 0x00000000a8200000|  0%| F|  |TAMS 0x00000000a8100000, 0x00000000a8100000| Untracked 
|  26|0x00000000a8200000, 0x00000000a8200000, 0x00000000a8300000|  0%| F|  |TAMS 0x00000000a8200000, 0x00000000a8200000| Untracked 
|  27|0x00000000a8300000, 0x00000000a8300000, 0x00000000a8400000|  0%| F|  |TAMS 0x00000000a8300000, 0x00000000a8300000| Untracked 
|  28|0x00000000a8400000, 0x00000000a8400000, 0x00000000a8500000|  0%| F|  |TAMS 0x00000000a8400000, 0x00000000a8400000| Untracked 
|  29|0x00000000a8500000, 0x00000000a8500000, 0x00000000a8600000|  0%| F|  |TAMS 0x00000000a8500000, 0x00000000a8500000| Untracked 
|  30|0x00000000a8600000, 0x00000000a8600000, 0x00000000a8700000|  0%| F|  |TAMS 0x00000000a8600000, 0x00000000a8600000| Untracked 
|  31|0x00000000a8700000, 0x00000000a8700000, 0x00000000a8800000|  0%| F|  |TAMS 0x00000000a8700000, 0x00000000a8700000| Untracked 
|  32|0x00000000a8800000, 0x00000000a8800000, 0x00000000a8900000|  0%| F|  |TAMS 0x00000000a8800000, 0x00000000a8800000| Untracked 
|  33|0x00000000a8900000, 0x00000000a8900000, 0x00000000a8a00000|  0%| F|  |TAMS 0x00000000a8900000, 0x00000000a8900000| Untracked 
|  34|0x00000000a8a00000, 0x00000000a8a00000, 0x00000000a8b00000|  0%| F|  |TAMS 0x00000000a8a00000, 0x00000000a8a00000| Untracked 
|  35|0x00000000a8b00000, 0x00000000a8b00000, 0x00000000a8c00000|  0%| F|  |TAMS 0x00000000a8b00000, 0x00000000a8b00000| Untracked 
|  36|0x00000000a8c00000, 0x00000000a8c00000, 0x00000000a8d00000|  0%| F|  |TAMS 0x00000000a8c00000, 0x00000000a8c00000| Untracked 
|  37|0x00000000a8d00000, 0x00000000a8d00000, 0x00000000a8e00000|  0%| F|  |TAMS 0x00000000a8d00000, 0x00000000a8d00000| Untracked 
|  38|0x00000000a8e00000, 0x00000000a8e00000, 0x00000000a8f00000|  0%| F|  |TAMS 0x00000000a8e00000, 0x00000000a8e00000| Untracked 
|  39|0x00000000a8f00000, 0x00000000a8f00000, 0x00000000a9000000|  0%| F|  |TAMS 0x00000000a8f00000, 0x00000000a8f00000| Untracked 
|  40|0x00000000a9000000, 0x00000000a9000000, 0x00000000a9100000|  0%| F|  |TAMS 0x00000000a9000000, 0x00000000a9000000| Untracked 
|  41|0x00000000a9100000, 0x00000000a9100000, 0x00000000a9200000|  0%| F|  |TAMS 0x00000000a9100000, 0x00000000a9100000| Untracked 
|  42|0x00000000a9200000, 0x00000000a9200000, 0x00000000a9300000|  0%| F|  |TAMS 0x00000000a9200000, 0x00000000a9200000| Untracked 
|  43|0x00000000a9300000, 0x00000000a9300000, 0x00000000a9400000|  0%| F|  |TAMS 0x00000000a9300000, 0x00000000a9300000| Untracked 
|  44|0x00000000a9400000, 0x00000000a9400000, 0x00000000a9500000|  0%| F|  |TAMS 0x00000000a9400000, 0x00000000a9400000| Untracked 
|  45|0x00000000a9500000, 0x00000000a9500000, 0x00000000a9600000|  0%| F|  |TAMS 0x00000000a9500000, 0x00000000a9500000| Untracked 
|  46|0x00000000a9600000, 0x00000000a9600000, 0x00000000a9700000|  0%| F|  |TAMS 0x00000000a9600000, 0x00000000a9600000| Untracked 
|  47|0x00000000a9700000, 0x00000000a9700000, 0x00000000a9800000|  0%| F|  |TAMS 0x00000000a9700000, 0x00000000a9700000| Untracked 
|  48|0x00000000a9800000, 0x00000000a9800000, 0x00000000a9900000|  0%| F|  |TAMS 0x00000000a9800000, 0x00000000a9800000| Untracked 
|  49|0x00000000a9900000, 0x00000000a9900000, 0x00000000a9a00000|  0%| F|  |TAMS 0x00000000a9900000, 0x00000000a9900000| Untracked 
|  50|0x00000000a9a00000, 0x00000000a9a00000, 0x00000000a9b00000|  0%| F|  |TAMS 0x00000000a9a00000, 0x00000000a9a00000| Untracked 
|  51|0x00000000a9b00000, 0x00000000a9b00000, 0x00000000a9c00000|  0%| F|  |TAMS 0x00000000a9b00000, 0x00000000a9b00000| Untracked 
|  52|0x00000000a9c00000, 0x00000000a9c00000, 0x00000000a9d00000|  0%| F|  |TAMS 0x00000000a9c00000, 0x00000000a9c00000| Untracked 
|  53|0x00000000a9d00000, 0x00000000a9d00000, 0x00000000a9e00000|  0%| F|  |TAMS 0x00000000a9d00000, 0x00000000a9d00000| Untracked 
|  54|0x00000000a9e00000, 0x00000000a9e00000, 0x00000000a9f00000|  0%| F|  |TAMS 0x00000000a9e00000, 0x00000000a9e00000| Untracked 
|  55|0x00000000a9f00000, 0x00000000a9f00000, 0x00000000aa000000|  0%| F|  |TAMS 0x00000000a9f00000, 0x00000000a9f00000| Untracked 
|  56|0x00000000aa000000, 0x00000000aa000000, 0x00000000aa100000|  0%| F|  |TAMS 0x00000000aa000000, 0x00000000aa000000| Untracked 
|  57|0x00000000aa100000, 0x00000000aa100000, 0x00000000aa200000|  0%| F|  |TAMS 0x00000000aa100000, 0x00000000aa100000| Untracked 
|  58|0x00000000aa200000, 0x00000000aa200000, 0x00000000aa300000|  0%| F|  |TAMS 0x00000000aa200000, 0x00000000aa200000| Untracked 
|  59|0x00000000aa300000, 0x00000000aa300000, 0x00000000aa400000|  0%| F|  |TAMS 0x00000000aa300000, 0x00000000aa300000| Untracked 
|  60|0x00000000aa400000, 0x00000000aa462d18, 0x00000000aa500000| 38%| S|CS|TAMS 0x00000000aa400000, 0x00000000aa400000| Complete 
|  61|0x00000000aa500000, 0x00000000aa600000, 0x00000000aa600000|100%| S|CS|TAMS 0x00000000aa500000, 0x00000000aa500000| Complete 
|  62|0x00000000aa600000, 0x00000000aa700000, 0x00000000aa700000|100%| S|CS|TAMS 0x00000000aa600000, 0x00000000aa600000| Complete 
|  63|0x00000000aa700000, 0x00000000aa800000, 0x00000000aa800000|100%| S|CS|TAMS 0x00000000aa700000, 0x00000000aa700000| Complete 
|  64|0x00000000aa800000, 0x00000000aa800000, 0x00000000aa900000|  0%| F|  |TAMS 0x00000000aa800000, 0x00000000aa800000| Untracked 
|  65|0x00000000aa900000, 0x00000000aa900000, 0x00000000aaa00000|  0%| F|  |TAMS 0x00000000aa900000, 0x00000000aa900000| Untracked 
|  66|0x00000000aaa00000, 0x00000000aaa00000, 0x00000000aab00000|  0%| F|  |TAMS 0x00000000aaa00000, 0x00000000aaa00000| Untracked 
|  67|0x00000000aab00000, 0x00000000aab00000, 0x00000000aac00000|  0%| F|  |TAMS 0x00000000aab00000, 0x00000000aab00000| Untracked 
|  68|0x00000000aac00000, 0x00000000aac00000, 0x00000000aad00000|  0%| F|  |TAMS 0x00000000aac00000, 0x00000000aac00000| Untracked 
|  69|0x00000000aad00000, 0x00000000aad00000, 0x00000000aae00000|  0%| F|  |TAMS 0x00000000aad00000, 0x00000000aad00000| Untracked 
|  70|0x00000000aae00000, 0x00000000aae00000, 0x00000000aaf00000|  0%| F|  |TAMS 0x00000000aae00000, 0x00000000aae00000| Untracked 
|  71|0x00000000aaf00000, 0x00000000aaf00000, 0x00000000ab000000|  0%| F|  |TAMS 0x00000000aaf00000, 0x00000000aaf00000| Untracked 
|  72|0x00000000ab000000, 0x00000000ab000000, 0x00000000ab100000|  0%| F|  |TAMS 0x00000000ab000000, 0x00000000ab000000| Untracked 
|  73|0x00000000ab100000, 0x00000000ab100000, 0x00000000ab200000|  0%| F|  |TAMS 0x00000000ab100000, 0x00000000ab100000| Untracked 
|  74|0x00000000ab200000, 0x00000000ab200000, 0x00000000ab300000|  0%| F|  |TAMS 0x00000000ab200000, 0x00000000ab200000| Untracked 
|  75|0x00000000ab300000, 0x00000000ab3578f0, 0x00000000ab400000| 34%| E|  |TAMS 0x00000000ab300000, 0x00000000ab300000| Complete 
|  76|0x00000000ab400000, 0x00000000ab500000, 0x00000000ab500000|100%| E|CS|TAMS 0x00000000ab400000, 0x00000000ab400000| Complete 
|  77|0x00000000ab500000, 0x00000000ab600000, 0x00000000ab600000|100%| E|CS|TAMS 0x00000000ab500000, 0x00000000ab500000| Complete 
|  78|0x00000000ab600000, 0x00000000ab700000, 0x00000000ab700000|100%| E|CS|TAMS 0x00000000ab600000, 0x00000000ab600000| Complete 
|  79|0x00000000ab700000, 0x00000000ab800000, 0x00000000ab800000|100%| E|CS|TAMS 0x00000000ab700000, 0x00000000ab700000| Complete 
|  80|0x00000000ab800000, 0x00000000ab900000, 0x00000000ab900000|100%| E|CS|TAMS 0x00000000ab800000, 0x00000000ab800000| Complete 
|  81|0x00000000ab900000, 0x00000000aba00000, 0x00000000aba00000|100%| E|CS|TAMS 0x00000000ab900000, 0x00000000ab900000| Complete 
|  82|0x00000000aba00000, 0x00000000abb00000, 0x00000000abb00000|100%| E|CS|TAMS 0x00000000aba00000, 0x00000000aba00000| Complete 
|  83|0x00000000abb00000, 0x00000000abc00000, 0x00000000abc00000|100%| E|CS|TAMS 0x00000000abb00000, 0x00000000abb00000| Complete 
|  84|0x00000000abc00000, 0x00000000abd00000, 0x00000000abd00000|100%| E|CS|TAMS 0x00000000abc00000, 0x00000000abc00000| Complete 
|  85|0x00000000abd00000, 0x00000000abe00000, 0x00000000abe00000|100%| E|CS|TAMS 0x00000000abd00000, 0x00000000abd00000| Complete 
|  86|0x00000000abe00000, 0x00000000abf00000, 0x00000000abf00000|100%| E|CS|TAMS 0x00000000abe00000, 0x00000000abe00000| Complete 
|  87|0x00000000abf00000, 0x00000000ac000000, 0x00000000ac000000|100%| E|CS|TAMS 0x00000000abf00000, 0x00000000abf00000| Complete 
|  88|0x00000000ac000000, 0x00000000ac100000, 0x00000000ac100000|100%| E|CS|TAMS 0x00000000ac000000, 0x00000000ac000000| Complete 
|  89|0x00000000ac100000, 0x00000000ac200000, 0x00000000ac200000|100%| E|CS|TAMS 0x00000000ac100000, 0x00000000ac100000| Complete 

Card table byte_map: [0x0000025a1b6d0000,0x0000025a1b9a0000] _byte_map_base: 0x0000025a1b19c000

Marking Bits (Prev, Next): (CMBitMap*) 0x0000025a02e03000, (CMBitMap*) 0x0000025a02e03040
 Prev Bits: [0x0000025a1bc70000, 0x0000025a1d2d0000)
 Next Bits: [0x0000025a1d2d0000, 0x0000025a1e930000)

Polling page: 0x0000025a02eb0000

Metaspace:

Usage:
  Non-class:     13.68 MB used.
      Class:      2.17 MB used.
       Both:     15.85 MB used.

Virtual space:
  Non-class space:       16.00 MB reserved,      13.81 MB ( 86%) committed,  2 nodes.
      Class space:        1.00 GB reserved,       2.31 MB ( <1%) committed,  1 nodes.
             Both:        1.02 GB reserved,      16.12 MB (  2%) committed. 

Chunk freelists:
   Non-Class:  1.86 MB
       Class:  1.72 MB
        Both:  3.58 MB

MaxMetaspaceSize: unlimited
CompressedClassSpaceSize: 1.00 GB
Initial GC threshold: 21.00 MB
Current GC threshold: 21.00 MB
CDS: on
MetaspaceReclaimPolicy: balanced
 - commit_granule_bytes: 65536.
 - commit_granule_words: 8192.
 - virtual_space_node_default_size: 1048576.
 - enlarge_chunks_in_place: 1.
 - new_chunks_are_fully_committed: 0.
 - uncommit_free_chunks: 1.
 - use_allocation_guard: 0.
 - handle_deallocations: 1.


Internal statistics:

num_allocs_failed_limit: 0.
num_arena_births: 232.
num_arena_deaths: 0.
num_vsnodes_births: 3.
num_vsnodes_deaths: 0.
num_space_committed: 258.
num_space_uncommitted: 0.
num_chunks_returned_to_freelist: 0.
num_chunks_taken_from_freelist: 734.
num_chunk_merges: 0.
num_chunk_splits: 504.
num_chunks_enlarged: 395.
num_purges: 0.
num_inconsistent_stats: 0.

CodeHeap 'non-profiled nmethods': size=120000Kb used=1309Kb max_used=1309Kb free=118690Kb
 bounds [0x0000025a138b0000, 0x0000025a13b20000, 0x0000025a1ade0000]
CodeHeap 'profiled nmethods': size=120000Kb used=5950Kb max_used=5950Kb free=114049Kb
 bounds [0x0000025a0c380000, 0x0000025a0c950000, 0x0000025a138b0000]
CodeHeap 'non-nmethods': size=5760Kb used=1435Kb max_used=1450Kb free=4324Kb
 bounds [0x0000025a0bde0000, 0x0000025a0c050000, 0x0000025a0c380000]
 total_blobs=3979 nmethods=3181 adapters=711
 compilation: enabled
              stopped_count=0, restarted_count=0
 full_count=0

Compilation events (20 events):
Event: 19.696 Thread 0x0000025a20e8fa30 3174       4       com.sun.javafx.event.CompositeEventDispatcher::dispatchBubblingEvent (35 bytes)
Event: 19.698 Thread 0x0000025a20e8fa30 nmethod 3174 0x0000025a139f4d10 code [0x0000025a139f4ea0, 0x0000025a139f4f98]
Event: 20.912 Thread 0x0000025a02eae8d0 3175       3       javafx.beans.property.ReadOnlyBooleanProperty::<init> (5 bytes)
Event: 20.913 Thread 0x0000025a02eae8d0 nmethod 3175 0x0000025a0c94ed90 code [0x0000025a0c94ef40, 0x0000025a0c94f118]
Event: 21.037 Thread 0x0000025a20e8fa30 3176       4       com.sun.javafx.event.CompositeEventHandler$NormalEventHandlerRecord::handleCapturingEvent (1 bytes)
Event: 21.038 Thread 0x0000025a20e8fa30 nmethod 3176 0x0000025a139f5110 code [0x0000025a139f5280, 0x0000025a139f52f8]
Event: 21.378 Thread 0x0000025a02eae8d0 3177       1       java.util.ArrayList$ArrayListSpliterator::characteristics (4 bytes)
Event: 21.378 Thread 0x0000025a02eae8d0 nmethod 3177 0x0000025a139f5410 code [0x0000025a139f55a0, 0x0000025a139f5678]
Event: 21.609 Thread 0x0000025a02eae8d0 3178       1       com.sun.javafx.scene.control.inputmap.InputMap::getChildInputMaps (5 bytes)
Event: 21.609 Thread 0x0000025a02eae8d0 nmethod 3178 0x0000025a139f5710 code [0x0000025a139f58a0, 0x0000025a139f5978]
Event: 86.807 Thread 0x0000025a20e8fa30 3179       4       com.sun.javafx.tk.quantum.QuantumToolkit::postPulse (106 bytes)
Event: 86.875 Thread 0x0000025a20e8fa30 nmethod 3179 0x0000025a139f5a10 code [0x0000025a139f5bc0, 0x0000025a139f5e18]
Event: 87.510 Thread 0x0000025a20e8fa30 3180       4       com.sun.javafx.tk.quantum.QuantumToolkit$$Lambda$109/0x0000000800c38220::run (8 bytes)
Event: 87.515 Thread 0x0000025a20e8fa30 nmethod 3180 0x0000025a139f6110 code [0x0000025a139f62e0, 0x0000025a139f6588]
Event: 277.092 Thread 0x0000025a20e8fa30 3181       4       java.util.stream.ReduceOps$3ReducingSink::accept (15 bytes)
Event: 277.097 Thread 0x0000025a20e8fa30 nmethod 3181 0x0000025a139f6990 code [0x0000025a139f6b40, 0x0000025a139f6e18]
Event: 277.120 Thread 0x0000025a02eae8d0 3182       3       javafx.scene.Node::pseudoClassStateChanged (59 bytes)
Event: 277.120 Thread 0x0000025a02eae8d0 nmethod 3182 0x0000025a0c94f210 code [0x0000025a0c94f400, 0x0000025a0c94f918]
Event: 557.726 Thread 0x0000025a20e8fa30 3183       4       jdk.internal.org.objectweb.asm.ByteVector::put12 (64 bytes)
Event: 557.728 Thread 0x0000025a20e8fa30 nmethod 3183 0x0000025a139f7090 code [0x0000025a139f7220, 0x0000025a139f73c8]

GC Heap History (6 events):
Event: 1.050 GC heap before
{Heap before GC invocations=0 (full 0):
 garbage-first heap   total 92160K, used 13312K [0x00000000a6800000, 0x0000000100000000)
  region size 1024K, 13 young (13312K), 0 survivors (0K)
 Metaspace       used 2635K, committed 2816K, reserved 1056768K
  class space    used 283K, committed 384K, reserved 1048576K
}
Event: 1.059 GC heap after
{Heap after GC invocations=1 (full 0):
 garbage-first heap   total 92160K, used 1744K [0x00000000a6800000, 0x0000000100000000)
  region size 1024K, 2 young (2048K), 2 survivors (2048K)
 Metaspace       used 2635K, committed 2816K, reserved 1056768K
  class space    used 283K, committed 384K, reserved 1048576K
}
Event: 2.338 GC heap before
{Heap before GC invocations=1 (full 0):
 garbage-first heap   total 92160K, used 18128K [0x00000000a6800000, 0x0000000100000000)
  region size 1024K, 19 young (19456K), 2 survivors (2048K)
 Metaspace       used 8502K, committed 8704K, reserved 1056768K
  class space    used 1065K, committed 1152K, reserved 1048576K
}
Event: 2.349 GC heap after
{Heap after GC invocations=2 (full 0):
 garbage-first heap   total 92160K, used 5040K [0x00000000a6800000, 0x0000000100000000)
  region size 1024K, 3 young (3072K), 3 survivors (3072K)
 Metaspace       used 8502K, committed 8704K, reserved 1056768K
  class space    used 1065K, committed 1152K, reserved 1048576K
}
Event: 7.610 GC heap before
{Heap before GC invocations=2 (full 0):
 garbage-first heap   total 92160K, used 30640K [0x00000000a6800000, 0x0000000100000000)
  region size 1024K, 26 young (26624K), 3 survivors (3072K)
 Metaspace       used 14035K, committed 14336K, reserved 1064960K
  class space    used 1824K, committed 1984K, reserved 1048576K
}
Event: 7.619 GC heap after
{Heap after GC invocations=3 (full 0):
 garbage-first heap   total 92160K, used 10270K [0x00000000a6800000, 0x0000000100000000)
  region size 1024K, 4 young (4096K), 4 survivors (4096K)
 Metaspace       used 14035K, committed 14336K, reserved 1064960K
  class space    used 1824K, committed 1984K, reserved 1048576K
}

Deoptimization events (20 events):
Event: 7.891 Thread 0x0000025a222dc250 Uncommon trap: trap_request=0xffffffde fr.pc=0x0000025a13996550 relative=0x0000000000002b70
Event: 7.891 Thread 0x0000025a222dc250 Uncommon trap: reason=class_check action=maybe_recompile pc=0x0000025a13996550 method=com.sun.javafx.css.StyleMap.getCascadingStyles()Ljava/util/Map; @ 77 c2
Event: 7.891 Thread 0x0000025a222dc250 DEOPT PACKING pc=0x0000025a13996550 sp=0x000000b5d2bfbaf0
Event: 7.891 Thread 0x0000025a222dc250 DEOPT UNPACKING pc=0x0000025a0be323a3 sp=0x000000b5d2bfbac8 mode 2
Event: 7.895 Thread 0x0000025a222dc250 Uncommon trap: trap_request=0xffffffde fr.pc=0x0000025a13996550 relative=0x0000000000002b70
Event: 7.895 Thread 0x0000025a222dc250 Uncommon trap: reason=class_check action=maybe_recompile pc=0x0000025a13996550 method=com.sun.javafx.css.StyleMap.getCascadingStyles()Ljava/util/Map; @ 77 c2
Event: 7.895 Thread 0x0000025a222dc250 DEOPT PACKING pc=0x0000025a13996550 sp=0x000000b5d2bfba80
Event: 7.895 Thread 0x0000025a222dc250 DEOPT UNPACKING pc=0x0000025a0be323a3 sp=0x000000b5d2bfba58 mode 2
Event: 7.919 Thread 0x0000025a222dc250 Uncommon trap: trap_request=0xffffffde fr.pc=0x0000025a13996550 relative=0x0000000000002b70
Event: 7.919 Thread 0x0000025a222dc250 Uncommon trap: reason=class_check action=maybe_recompile pc=0x0000025a13996550 method=com.sun.javafx.css.StyleMap.getCascadingStyles()Ljava/util/Map; @ 77 c2
Event: 7.919 Thread 0x0000025a222dc250 DEOPT PACKING pc=0x0000025a13996550 sp=0x000000b5d2bfba10
Event: 7.919 Thread 0x0000025a222dc250 DEOPT UNPACKING pc=0x0000025a0be323a3 sp=0x000000b5d2bfb9e8 mode 2
Event: 7.965 Thread 0x0000025a222dc250 Uncommon trap: trap_request=0xffffff45 fr.pc=0x0000025a13980b34 relative=0x0000000000000274
Event: 7.965 Thread 0x0000025a222dc250 Uncommon trap: reason=unstable_if action=reinterpret pc=0x0000025a13980b34 method=javafx.scene.Node.isDisable()Z @ 4 c2
Event: 7.965 Thread 0x0000025a222dc250 DEOPT PACKING pc=0x0000025a13980b34 sp=0x000000b5d2bfb760
Event: 7.965 Thread 0x0000025a222dc250 DEOPT UNPACKING pc=0x0000025a0be323a3 sp=0x000000b5d2bfb660 mode 2
Event: 7.965 Thread 0x0000025a222dc250 Uncommon trap: trap_request=0xffffff45 fr.pc=0x0000025a13982144 relative=0x00000000000004e4
Event: 7.965 Thread 0x0000025a222dc250 Uncommon trap: reason=unstable_if action=reinterpret pc=0x0000025a13982144 method=javafx.scene.Node.getEffect()Ljavafx/scene/effect/Effect; @ 4 c2
Event: 7.965 Thread 0x0000025a222dc250 DEOPT PACKING pc=0x0000025a13982144 sp=0x000000b5d2bfb5b0
Event: 7.965 Thread 0x0000025a222dc250 DEOPT UNPACKING pc=0x0000025a0be323a3 sp=0x000000b5d2bfb348 mode 2

Classes unloaded (0 events):
No events

Classes redefined (0 events):
No events

Internal exceptions (20 events):
Event: 3.818 Thread 0x0000025a222dc250 Exception <a 'java/lang/NoSuchMethodError'{0x00000000ab4f9028}: 'java.lang.Object java.lang.invoke.DirectMethodHandle$Holder.invokeInterface(java.lang.Object, java.lang.Object, java.lang.Object)'> (0x00000000ab4f9028) 
thrown [t:\workspace\open\src\hotspot\share\interpreter\linkResolver.cpp, line 766]
Event: 3.819 Thread 0x0000025a222dc250 Exception <a 'java/lang/IncompatibleClassChangeError'{0x00000000ab4fc9b0}: Found class java.lang.Object, but interface was expected> (0x00000000ab4fc9b0) 
thrown [t:\workspace\open\src\hotspot\share\interpreter\linkResolver.cpp, line 833]
Event: 4.039 Thread 0x0000025a222dc250 Exception <a 'java/lang/NoSuchMethodError'{0x00000000ab2fcc58}: 'java.lang.Object java.lang.invoke.DirectMethodHandle$Holder.newInvokeSpecial(java.lang.Object, java.lang.Object, int)'> (0x00000000ab2fcc58) 
thrown [t:\workspace\open\src\hotspot\share\interpreter\linkResolver.cpp, line 766]
Event: 4.085 Thread 0x0000025a21d2d890 Exception <a 'java/lang/NoSuchMethodError'{0x00000000ab1a9648}: 'int java.lang.invoke.DirectMethodHandle$Holder.invokeStaticInit(java.lang.Object, java.lang.Object)'> (0x00000000ab1a9648) 
thrown [t:\workspace\open\src\hotspot\share\interpreter\linkResolver.cpp, line 766]
Event: 7.369 Thread 0x0000025a222dc250 Exception <a 'java/lang/NoSuchMethodError'{0x00000000aa98b780}: 'long java.lang.invoke.DirectMethodHandle$Holder.invokeStatic(java.lang.Object, java.lang.Object, java.lang.Object)'> (0x00000000aa98b780) 
thrown [t:\workspace\open\src\hotspot\share\interpreter\linkResolver.cpp, line 766]
Event: 7.370 Thread 0x0000025a222dc250 Exception <a 'java/lang/NoSuchMethodError'{0x00000000aa98ef28}: 'long java.lang.invoke.DirectMethodHandle$Holder.invokeStaticInit(java.lang.Object, java.lang.Object, java.lang.Object)'> (0x00000000aa98ef28) 
thrown [t:\workspace\open\src\hotspot\share\interpreter\linkResolver.cpp, line 766]
Event: 7.376 Thread 0x0000025a222dc250 Exception <a 'java/lang/NoSuchMethodError'{0x00000000aa9a6b30}: 'java.lang.Object java.lang.invoke.DirectMethodHandle$Holder.newInvokeSpecial(java.lang.Object, java.lang.Object, long)'> (0x00000000aa9a6b30) 
thrown [t:\workspace\open\src\hotspot\share\interpreter\linkResolver.cpp, line 766]
Event: 7.377 Thread 0x0000025a222dc250 Exception <a 'java/lang/NoSuchMethodError'{0x00000000aa9aa6a0}: 'java.lang.Object java.lang.invoke.Invokers$Holder.linkToTargetMethod(java.lang.Object, long, java.lang.Object)'> (0x00000000aa9aa6a0) 
thrown [t:\workspace\open\src\hotspot\share\interpreter\linkResolver.cpp, line 766]
Event: 7.633 Thread 0x0000025a222dc250 Exception <a 'java/lang/ClassNotFoundException'{0x00000000ac1343f0}: com/sun/javafx/scene/control/skin/resources/controls-nt> (0x00000000ac1343f0) 
thrown [t:\workspace\open\src\hotspot\share\prims\jni.cpp, line 535]
Event: 7.634 Thread 0x0000025a222dc250 Exception <a 'java/lang/ClassNotFoundException'{0x00000000ac13c7e0}: com/sun/javafx/scene/control/skin/resources/controls-nt_ru> (0x00000000ac13c7e0) 
thrown [t:\workspace\open\src\hotspot\share\prims\jni.cpp, line 535]
Event: 7.634 Thread 0x0000025a222dc250 Exception <a 'java/lang/ClassNotFoundException'{0x00000000ac13da50}: com/sun/javafx/scene/control/skin/resources/controls-nt_ru_RU> (0x00000000ac13da50) 
thrown [t:\workspace\open\src\hotspot\share\prims\jni.cpp, line 535]
Event: 7.707 Thread 0x0000025a222dc250 Exception <a 'java/lang/ClassNotFoundException'{0x00000000ac0b7850}: com/sun/javafx/scene/control/skin/resources/controls> (0x00000000ac0b7850) 
thrown [t:\workspace\open\src\hotspot\share\prims\jni.cpp, line 535]
Event: 7.709 Thread 0x0000025a222dc250 Exception <a 'java/lang/ClassNotFoundException'{0x00000000ac0c5620}: com/sun/javafx/scene/control/skin/resources/controls_ru> (0x00000000ac0c5620) 
thrown [t:\workspace\open\src\hotspot\share\prims\jni.cpp, line 535]
Event: 7.710 Thread 0x0000025a222dc250 Exception <a 'java/lang/ClassNotFoundException'{0x00000000ac0c6888}: com/sun/javafx/scene/control/skin/resources/controls_ru_RU> (0x00000000ac0c6888) 
thrown [t:\workspace\open\src\hotspot\share\prims\jni.cpp, line 535]
Event: 7.792 Thread 0x0000025a222dc250 Exception <a 'java/lang/NoSuchMethodError'{0x00000000abe3e268}: 'void java.lang.invoke.DirectMethodHandle$Holder.invokeSpecial(java.lang.Object, java.lang.Object, java.lang.Object, java.lang.Object, java.lang.Object, java.lang.Object)'> (0x00000000abe3e268) 
thrown [t:\workspace\open\src\hotspot\share\interpreter\linkResolver.cpp, line 766]
Event: 7.886 Thread 0x0000025a222dc250 Exception <a 'java/lang/NoSuchMethodError'{0x00000000abb7efa0}: 'void java.lang.invoke.DirectMethodHandle$Holder.invokeSpecialIFC(java.lang.Object, java.lang.Object, java.lang.Object, java.lang.Object)'> (0x00000000abb7efa0) 
thrown [t:\workspace\open\src\hotspot\share\interpreter\linkResolver.cpp, line 766]
Event: 12.109 Thread 0x0000025a222dc250 Exception <a 'java/lang/NoSuchMethodError'{0x00000000ab85ed28}: 'java.lang.Object java.lang.invoke.DirectMethodHandle$Holder.newInvokeSpecial(java.lang.Object, java.lang.Object, int, int, int, int, int, java.lang.Object)'> (0x00000000ab85ed28) 
thrown [t:\workspace\open\src\hotspot\share\interpreter\linkResolver.cpp, line 766]
Event: 12.113 Thread 0x0000025a222dc250 Exception <a 'java/lang/NoSuchMethodError'{0x00000000ab8724a8}: 'java.lang.Object java.lang.invoke.DirectMethodHandle$Holder.newInvokeSpecial(java.lang.Object, java.lang.Object, java.lang.Object, int, int, int, int, int)'> (0x00000000ab8724a8) 
thrown [t:\workspace\open\src\hotspot\share\interpreter\linkResolver.cpp, line 766]
Event: 12.114 Thread 0x0000025a222dc250 Exception <a 'java/lang/NoSuchMethodError'{0x00000000ab87a258}: 'java.lang.Object java.lang.invoke.Invokers$Holder.linkToTargetMethod(java.lang.Object, java.lang.Object, int, int, int, int, int, java.lang.Object)'> (0x00000000ab87a258) 
thrown [t:\workspace\open\src\hotspot\share\interpreter\linkResolver.cpp, line 766]
Event: 18.014 Thread 0x0000025a222dc250 Exception <a 'java/lang/NoSuchMethodError'{0x00000000ab551730}: 'java.lang.Object java.lang.invoke.DirectMethodHandle$Holder.newInvokeSpecial(java.lang.Object, java.lang.Object, java.lang.Object, double, double, double, double, int, int, int, int, int, int, int, int, int)'> (0x00000000ab551730) 
thrown [t:\workspace\open\src\hotspot\share\interpreter\linkResolver.cpp, line 766]

VM Operations (20 events):
Event: 8.788 Executing VM operation: Cleanup done
Event: 10.789 Executing VM operation: Cleanup
Event: 10.789 Executing VM operation: Cleanup done
Event: 12.789 Executing VM operation: Cleanup
Event: 12.789 Executing VM operation: Cleanup done
Event: 13.790 Executing VM operation: Cleanup
Event: 13.790 Executing VM operation: Cleanup done
Event: 15.791 Executing VM operation: Cleanup
Event: 15.791 Executing VM operation: Cleanup done
Event: 16.791 Executing VM operation: Cleanup
Event: 16.791 Executing VM operation: Cleanup done
Event: 17.792 Executing VM operation: Cleanup
Event: 17.792 Executing VM operation: Cleanup done
Event: 19.793 Executing VM operation: Cleanup
Event: 19.793 Executing VM operation: Cleanup done
Event: 21.794 Executing VM operation: Cleanup
Event: 21.794 Executing VM operation: Cleanup done
Event: 277.884 Executing VM operation: Cleanup
Event: 277.884 Executing VM operation: Cleanup done
Event: 557.769 Executing VM operation: Exit

Events (20 events):
Event: 9.651 loading class sun/util/resources/BreakIteratorResourceBundle done
Event: 9.651 loading class sun/text/resources/BreakIteratorResources done
Event: 9.652 loading class sun/text/RuleBasedBreakIterator
Event: 9.652 loading class sun/text/RuleBasedBreakIterator done
Event: 9.654 loading class sun/text/CompactByteArray
Event: 9.654 loading class sun/text/CompactByteArray done
Event: 9.654 loading class sun/text/SupplementaryCharacterData
Event: 9.654 loading class sun/text/SupplementaryCharacterData done
Event: 9.654 loading class java/text/BreakIterator$BreakIteratorCache
Event: 9.654 loading class java/text/BreakIterator$BreakIteratorCache done
Event: 16.644 Thread 0x0000025a227c0410 Thread added: 0x0000025a227c0410
Event: 17.129 Thread 0x0000025a227c0410 Thread exited: 0x0000025a227c0410
Event: 557.718 loading class jdk/internal/misc/Signal$1
Event: 557.718 loading class jdk/internal/misc/Signal$1 done
Event: 557.718 Thread 0x0000025a2263a410 Thread added: 0x0000025a2263a410
Event: 557.724 Thread 0x0000025a22639a70 Thread added: 0x0000025a22639a70
Event: 557.725 Thread 0x0000025a226390d0 Thread added: 0x0000025a226390d0
Event: 557.725 Thread 0x0000025a226390d0 Thread exited: 0x0000025a226390d0
Event: 557.727 Thread 0x0000025a22639a70 Thread exited: 0x0000025a22639a70
Event: 557.742 Thread 0x0000025a02ea96c0 Thread exited: 0x0000025a02ea96c0


Dynamic libraries:
0x00007ff622c90000 - 0x00007ff622c9e000 	C:\Users\admin\.jdks\openjdk-17.0.1\bin\java.exe
0x00007fff20190000 - 0x00007fff20385000 	C:\WINDOWS\SYSTEM32\ntdll.dll
0x00007fff1e430000 - 0x00007fff1e4ee000 	C:\WINDOWS\System32\KERNEL32.DLL
0x00007fff1dc50000 - 0x00007fff1df19000 	C:\WINDOWS\System32\KERNELBASE.dll
0x00007fff1da70000 - 0x00007fff1db70000 	C:\WINDOWS\System32\ucrtbase.dll
0x00007fff0c620000 - 0x00007fff0c638000 	C:\Users\admin\.jdks\openjdk-17.0.1\bin\jli.dll
0x00007fff1f910000 - 0x00007fff1fab1000 	C:\WINDOWS\System32\USER32.dll
0x00007fff1e1b0000 - 0x00007fff1e1d2000 	C:\WINDOWS\System32\win32u.dll
0x00007fff1fff0000 - 0x00007fff2001b000 	C:\WINDOWS\System32\GDI32.dll
0x00007fff1dff0000 - 0x00007fff1e0fb000 	C:\WINDOWS\System32\gdi32full.dll
0x00007fff1df20000 - 0x00007fff1dfbd000 	C:\WINDOWS\System32\msvcp_win.dll
0x00007fff0c600000 - 0x00007fff0c61a000 	C:\Users\admin\.jdks\openjdk-17.0.1\bin\VCRUNTIME140.dll
0x00007fff13e20000 - 0x00007fff140ba000 	C:\WINDOWS\WinSxS\amd64_microsoft.windows.common-controls_6595b64144ccf1df_6.0.19041.1110_none_60b5254171f9507e\COMCTL32.dll
0x00007fff1fbf0000 - 0x00007fff1fc8e000 	C:\WINDOWS\System32\msvcrt.dll
0x00007fff1e3f0000 - 0x00007fff1e420000 	C:\WINDOWS\System32\IMM32.DLL
0x00007fff0d930000 - 0x00007fff0d93c000 	C:\Users\admin\.jdks\openjdk-17.0.1\bin\vcruntime140_1.dll
0x00007fff08360000 - 0x00007fff083ed000 	C:\Users\admin\.jdks\openjdk-17.0.1\bin\msvcp140.dll
0x00007ffec8450000 - 0x00007ffec900e000 	C:\Users\admin\.jdks\openjdk-17.0.1\bin\server\jvm.dll
0x00007fff1ea20000 - 0x00007fff1eacc000 	C:\WINDOWS\System32\ADVAPI32.dll
0x00007fff1f870000 - 0x00007fff1f90b000 	C:\WINDOWS\System32\sechost.dll
0x00007fff1f740000 - 0x00007fff1f86a000 	C:\WINDOWS\System32\RPCRT4.dll
0x00007fff1e420000 - 0x00007fff1e428000 	C:\WINDOWS\System32\PSAPI.DLL
0x00007fff0e4d0000 - 0x00007fff0e4d9000 	C:\WINDOWS\SYSTEM32\WSOCK32.dll
0x00007fff20020000 - 0x00007fff2008b000 	C:\WINDOWS\System32\WS2_32.dll
0x00007fff11770000 - 0x00007fff11797000 	C:\WINDOWS\SYSTEM32\WINMM.dll
0x00007fff140d0000 - 0x00007fff140da000 	C:\WINDOWS\SYSTEM32\VERSION.dll
0x00007fff1c410000 - 0x00007fff1c422000 	C:\WINDOWS\SYSTEM32\kernel.appcore.dll
0x00007fff0ce00000 - 0x00007fff0ce0a000 	C:\Users\admin\.jdks\openjdk-17.0.1\bin\jimage.dll
0x00007fff1bf10000 - 0x00007fff1c0f4000 	C:\WINDOWS\SYSTEM32\DBGHELP.DLL
0x00007fff09490000 - 0x00007fff094bc000 	C:\WINDOWS\SYSTEM32\dbgcore.DLL
0x00007fff1db70000 - 0x00007fff1dbf3000 	C:\WINDOWS\System32\bcryptPrimitives.dll
0x00007fff0c710000 - 0x00007fff0c71e000 	C:\Users\admin\.jdks\openjdk-17.0.1\bin\instrument.dll
0x00007fff08330000 - 0x00007fff08355000 	C:\Users\admin\.jdks\openjdk-17.0.1\bin\java.dll
0x00007ffeff5d0000 - 0x00007ffeff6a6000 	C:\Users\admin\.jdks\openjdk-17.0.1\bin\svml.dll
0x00007fff1ef10000 - 0x00007fff1f64f000 	C:\WINDOWS\System32\SHELL32.dll
0x00007fff1b780000 - 0x00007fff1bf10000 	C:\WINDOWS\SYSTEM32\windows.storage.dll
0x00007fff1fc90000 - 0x00007fff1ffe5000 	C:\WINDOWS\System32\combase.dll
0x00007fff1d230000 - 0x00007fff1d25c000 	C:\WINDOWS\SYSTEM32\Wldp.dll
0x00007fff1e970000 - 0x00007fff1ea1d000 	C:\WINDOWS\System32\SHCORE.dll
0x00007fff1fb90000 - 0x00007fff1fbe5000 	C:\WINDOWS\System32\shlwapi.dll
0x00007fff1d7f0000 - 0x00007fff1d80f000 	C:\WINDOWS\SYSTEM32\profapi.dll
0x00007fff08310000 - 0x00007fff08329000 	C:\Users\admin\.jdks\openjdk-17.0.1\bin\net.dll
0x00007fff14690000 - 0x00007fff14798000 	C:\WINDOWS\SYSTEM32\WINHTTP.dll
0x00007fff1cf90000 - 0x00007fff1cffa000 	C:\WINDOWS\system32\mswsock.dll
0x00007fff082f0000 - 0x00007fff08305000 	C:\Users\admin\.jdks\openjdk-17.0.1\bin\nio.dll
0x00007fff082d0000 - 0x00007fff082e8000 	C:\Users\admin\.jdks\openjdk-17.0.1\bin\zip.dll
0x00007fff08270000 - 0x00007fff0828a000 	C:\Program Files\JetBrains\IntelliJ IDEA Community Edition 2021.2.1\bin\breakgen64.dll
0x0000025a20f90000 - 0x0000025a20f93000 	C:\Users\admin\.jdks\openjdk-17.0.1\bin\api-ms-win-core-console-l1-1-0.dll
0x0000025a20fa0000 - 0x0000025a20fa3000 	C:\Users\admin\.jdks\openjdk-17.0.1\bin\api-ms-win-core-datetime-l1-1-0.dll
0x0000025a20fb0000 - 0x0000025a20fb3000 	C:\Users\admin\.jdks\openjdk-17.0.1\bin\api-ms-win-core-debug-l1-1-0.dll
0x0000025a20fc0000 - 0x0000025a20fc3000 	C:\Users\admin\.jdks\openjdk-17.0.1\bin\api-ms-win-core-errorhandling-l1-1-0.dll
0x0000025a20fd0000 - 0x0000025a20fd4000 	C:\Users\admin\.jdks\openjdk-17.0.1\bin\api-ms-win-core-file-l1-1-0.dll
0x0000025a20fe0000 - 0x0000025a20fe3000 	C:\Users\admin\.jdks\openjdk-17.0.1\bin\api-ms-win-core-file-l1-2-0.dll
0x0000025a20ff0000 - 0x0000025a20ff3000 	C:\Users\admin\.jdks\openjdk-17.0.1\bin\api-ms-win-core-file-l2-1-0.dll
0x0000025a234e0000 - 0x0000025a234e3000 	C:\Users\admin\.jdks\openjdk-17.0.1\bin\api-ms-win-core-handle-l1-1-0.dll
0x0000025a234f0000 - 0x0000025a234f3000 	C:\Users\admin\.jdks\openjdk-17.0.1\bin\api-ms-win-core-heap-l1-1-0.dll
0x0000025a23500000 - 0x0000025a23503000 	C:\Users\admin\.jdks\openjdk-17.0.1\bin\api-ms-win-core-interlocked-l1-1-0.dll
0x0000025a23510000 - 0x0000025a23513000 	C:\Users\admin\.jdks\openjdk-17.0.1\bin\api-ms-win-core-libraryloader-l1-1-0.dll
0x0000025a23520000 - 0x0000025a23523000 	C:\Users\admin\.jdks\openjdk-17.0.1\bin\api-ms-win-core-localization-l1-2-0.dll
0x0000025a23530000 - 0x0000025a23533000 	C:\Users\admin\.jdks\openjdk-17.0.1\bin\api-ms-win-core-memory-l1-1-0.dll
0x0000025a23540000 - 0x0000025a23543000 	C:\Users\admin\.jdks\openjdk-17.0.1\bin\api-ms-win-core-namedpipe-l1-1-0.dll
0x0000025a23550000 - 0x0000025a23553000 	C:\Users\admin\.jdks\openjdk-17.0.1\bin\api-ms-win-core-processenvironment-l1-1-0.dll
0x0000025a23560000 - 0x0000025a23563000 	C:\Users\admin\.jdks\openjdk-17.0.1\bin\api-ms-win-core-processthreads-l1-1-0.dll
0x0000025a23570000 - 0x0000025a23573000 	C:\Users\admin\.jdks\openjdk-17.0.1\bin\api-ms-win-core-processthreads-l1-1-1.dll
0x0000025a23580000 - 0x0000025a23583000 	C:\Users\admin\.jdks\openjdk-17.0.1\bin\api-ms-win-core-profile-l1-1-0.dll
0x0000025a23590000 - 0x0000025a23593000 	C:\Users\admin\.jdks\openjdk-17.0.1\bin\api-ms-win-core-rtlsupport-l1-1-0.dll
0x0000025a235a0000 - 0x0000025a235a3000 	C:\Users\admin\.jdks\openjdk-17.0.1\bin\api-ms-win-core-string-l1-1-0.dll
0x0000025a235b0000 - 0x0000025a235b3000 	C:\Users\admin\.jdks\openjdk-17.0.1\bin\api-ms-win-core-synch-l1-1-0.dll
0x0000025a235c0000 - 0x0000025a235c3000 	C:\Users\admin\.jdks\openjdk-17.0.1\bin\api-ms-win-core-synch-l1-2-0.dll
0x0000025a235d0000 - 0x0000025a235d3000 	C:\Users\admin\.jdks\openjdk-17.0.1\bin\api-ms-win-core-sysinfo-l1-1-0.dll
0x0000025a235e0000 - 0x0000025a235e3000 	C:\Users\admin\.jdks\openjdk-17.0.1\bin\api-ms-win-core-timezone-l1-1-0.dll
0x0000025a235f0000 - 0x0000025a235f3000 	C:\Users\admin\.jdks\openjdk-17.0.1\bin\api-ms-win-core-util-l1-1-0.dll
0x0000025a23600000 - 0x0000025a23603000 	C:\Users\admin\.jdks\openjdk-17.0.1\bin\api-ms-win-crt-conio-l1-1-0.dll
0x0000025a23610000 - 0x0000025a23614000 	C:\Users\admin\.jdks\openjdk-17.0.1\bin\api-ms-win-crt-convert-l1-1-0.dll
0x0000025a23620000 - 0x0000025a23623000 	C:\Users\admin\.jdks\openjdk-17.0.1\bin\api-ms-win-crt-environment-l1-1-0.dll
0x0000025a23630000 - 0x0000025a23633000 	C:\Users\admin\.jdks\openjdk-17.0.1\bin\api-ms-win-crt-filesystem-l1-1-0.dll
0x0000025a23640000 - 0x0000025a23643000 	C:\Users\admin\.jdks\openjdk-17.0.1\bin\api-ms-win-crt-heap-l1-1-0.dll
0x0000025a23650000 - 0x0000025a23653000 	C:\Users\admin\.jdks\openjdk-17.0.1\bin\api-ms-win-crt-locale-l1-1-0.dll
0x0000025a23660000 - 0x0000025a23665000 	C:\Users\admin\.jdks\openjdk-17.0.1\bin\api-ms-win-crt-math-l1-1-0.dll
0x0000025a23670000 - 0x0000025a23675000 	C:\Users\admin\.jdks\openjdk-17.0.1\bin\api-ms-win-crt-multibyte-l1-1-0.dll
0x0000025a23680000 - 0x0000025a23690000 	C:\Users\admin\.jdks\openjdk-17.0.1\bin\api-ms-win-crt-private-l1-1-0.dll
0x0000025a23690000 - 0x0000025a23693000 	C:\Users\admin\.jdks\openjdk-17.0.1\bin\api-ms-win-crt-process-l1-1-0.dll
0x0000025a236a0000 - 0x0000025a236a4000 	C:\Users\admin\.jdks\openjdk-17.0.1\bin\api-ms-win-crt-runtime-l1-1-0.dll
0x0000025a236b0000 - 0x0000025a236b4000 	C:\Users\admin\.jdks\openjdk-17.0.1\bin\api-ms-win-crt-stdio-l1-1-0.dll
0x0000025a236c0000 - 0x0000025a236c4000 	C:\Users\admin\.jdks\openjdk-17.0.1\bin\api-ms-win-crt-string-l1-1-0.dll
0x0000025a236d0000 - 0x0000025a236d3000 	C:\Users\admin\.jdks\openjdk-17.0.1\bin\api-ms-win-crt-time-l1-1-0.dll
0x0000025a236e0000 - 0x0000025a236e3000 	C:\Users\admin\.jdks\openjdk-17.0.1\bin\api-ms-win-crt-utility-l1-1-0.dll
0x00007ffed1dd0000 - 0x00007ffed1eca000 	C:\Users\admin\.jdks\openjdk-17.0.1\bin\ucrtbase.dll
0x00007fff07f40000 - 0x00007fff07f8e000 	C:\Windows\System32\concrt140.dll
0x00007fff07460000 - 0x00007fff07483000 	C:\Users\admin\.openjfx\cache\11.0.2\prism_d3d.dll
0x00007fff00680000 - 0x00007fff0084e000 	C:\WINDOWS\system32\d3d9.dll
0x00007fff1b1b0000 - 0x00007fff1b1df000 	C:\WINDOWS\SYSTEM32\dwmapi.dll
0x00007fff1af40000 - 0x00007fff1afde000 	C:\WINDOWS\system32\uxtheme.dll
0x00007ffefced0000 - 0x00007ffefcf15000 	C:\Users\admin\.openjfx\cache\11.0.2\glass.dll
0x00007fff1eb60000 - 0x00007fff1ec3a000 	C:\WINDOWS\System32\COMDLG32.dll
0x00007fff1ec40000 - 0x00007fff1ed6a000 	C:\WINDOWS\System32\ole32.dll
0x00007fff1fac0000 - 0x00007fff1fb8d000 	C:\WINDOWS\System32\OLEAUT32.dll
0x00007fff1edf0000 - 0x00007fff1ef05000 	C:\WINDOWS\System32\MSCTF.dll
0x00007fff11a60000 - 0x00007fff11a9b000 	C:\WINDOWS\SYSTEM32\dxcore.dll
0x00007fff1dc00000 - 0x00007fff1dc4e000 	C:\WINDOWS\System32\cfgmgr32.dll
0x00007ffefceb0000 - 0x00007ffefcec4000 	C:\Users\admin\.openjfx\cache\11.0.2\javafx_font.dll
0x00007fff0e850000 - 0x00007fff0ead3000 	C:\WINDOWS\SYSTEM32\dwrite.dll
0x00007fff20090000 - 0x00007fff20139000 	C:\WINDOWS\System32\clbcatq.dll
0x00007fff15080000 - 0x00007fff15234000 	C:\WINDOWS\SYSTEM32\WindowsCodecs.dll
0x00007fff1dfc0000 - 0x00007fff1dfe7000 	C:\WINDOWS\System32\bcrypt.dll
0x00007fff02de0000 - 0x00007fff02e1e000 	C:\WINDOWS\system32\dataexchange.dll
0x00007fff1a3c0000 - 0x00007fff1a624000 	C:\WINDOWS\system32\d3d11.dll
0x00007fff1a630000 - 0x00007fff1a815000 	C:\WINDOWS\system32\dcomp.dll
0x00007fff1c180000 - 0x00007fff1c274000 	C:\WINDOWS\system32\dxgi.dll
0x00007fff16a00000 - 0x00007fff16c01000 	C:\WINDOWS\system32\twinapi.appcore.dll
0x00007fff08180000 - 0x00007fff081b4000 	C:\Program Files\Common Files\Microsoft Shared\Ink\rtscom.dll
0x00007fff104b0000 - 0x00007fff105a9000 	C:\WINDOWS\SYSTEM32\textinputframework.dll
0x00007fff1aba0000 - 0x00007fff1ac92000 	C:\WINDOWS\System32\CoreMessaging.dll
0x00007fff19b10000 - 0x00007fff19e6e000 	C:\WINDOWS\System32\CoreUIComponents.dll
0x00007fff1c570000 - 0x00007fff1c5a3000 	C:\WINDOWS\SYSTEM32\ntmarta.dll
0x00007fff191f0000 - 0x00007fff19344000 	C:\WINDOWS\SYSTEM32\wintypes.dll

dbghelp: loaded successfully - version: 4.0.5 - missing functions: none
symbol engine: initialized successfully - sym options: 0x614 - pdb path: .;C:\Users\admin\.jdks\openjdk-17.0.1\bin;C:\WINDOWS\SYSTEM32;C:\WINDOWS\WinSxS\amd64_microsoft.windows.common-controls_6595b64144ccf1df_6.0.19041.1110_none_60b5254171f9507e;C:\Users\admin\.jdks\openjdk-17.0.1\bin\server;C:\Program Files\JetBrains\IntelliJ IDEA Community Edition 2021.2.1\bin;C:\Users\admin\.openjfx\cache\11.0.2;C:\WINDOWS\System32\DriverStore\FileRepository\c0315305.inf_amd64_4a255a9cc495b028;C:\Program Files\Common Files\Microsoft Shared\Ink

VM Arguments:
jvm_args: -javaagent:C:\Program Files\JetBrains\IntelliJ IDEA Community Edition 2021.2.1\lib\idea_rt.jar=56177:C:\Program Files\JetBrains\IntelliJ IDEA Community Edition 2021.2.1\bin -Dfile.encoding=UTF-8 --module-path=C:\Users\admin\.m2\repository\org\openjfx\javafx-media\11.0.2\javafx-media-11.0.2-win.jar;C:\Users\admin\.m2\repository\org\openjfx\javafx-controls\11.0.2\javafx-controls-11.0.2-win.jar;C:\Users\admin\.m2\repository\org\openjfx\javafx-graphics\11.0.2\javafx-graphics-11.0.2-win.jar;D:\!Univer\CalendarSPS\target\classes;C:\Users\admin\.m2\repository\eu\hansolo\tilesfx\11.48\tilesfx-11.48.jar;C:\Users\admin\.m2\repository\org\controlsfx\controlsfx\11.1.0\controlsfx-11.1.0.jar;C:\Users\admin\.m2\repository\org\openjfx\javafx-web\11.0.2\javafx-web-11.0.2-win.jar;C:\Users\admin\.m2\repository\org\openjfx\javafx-fxml\11.0.2\javafx-fxml-11.0.2-win.jar;C:\Users\admin\.m2\repository\net\synedra\validatorfx\0.1.13\validatorfx-0.1.13.jar;C:\Users\admin\.m2\repository\org\kordamp\ikonli\ikonli-core\12.2.0\ikonli-core-12.2.0.jar;C:\Users\admin\.m2\repository\org\kordamp\bootstrapfx\bootstrapfx-core\0.4.0\bootstrapfx-core-0.4.0.jar;C:\Users\admin\.m2\repository\org\openjfx\javafx-base\11.0.2\javafx-base-11.0.2-win.jar;C:\Users\admin\.m2\repository\com\dlsc\formsfx\formsfx-core\11.3.2\formsfx-core-11.3.2.jar;C:\Users\admin\.m2\repository\org\kordamp\ikonli\ikonli-javafx\12.2.0\ikonli-javafx-12.2.0.jar -Djdk.module.main=com.bestgroup.calendar 
java_command: com.bestgroup.calendar/com.bestgroup.calendar.HelloApplication
java_class_path (initial): C:\Users\admin\.m2\repository\org\openjfx\javafx-controls\11.0.2\javafx-controls-11.0.2.jar;C:\Users\admin\.m2\repository\org\openjfx\javafx-graphics\11.0.2\javafx-graphics-11.0.2.jar;C:\Users\admin\.m2\repository\org\openjfx\javafx-base\11.0.2\javafx-base-11.0.2.jar;C:\Users\admin\.m2\repository\org\openjfx\javafx-fxml\11.0.2\javafx-fxml-11.0.2.jar;C:\Users\admin\.m2\repository\org\openjfx\javafx-web\11.0.2\javafx-web-11.0.2.jar;C:\Users\admin\.m2\repository\org\openjfx\javafx-media\11.0.2\javafx-media-11.0.2.jar
Launcher Type: SUN_STANDARD

[Global flags]
     intx CICompilerCount                          = 3                                         {product} {ergonomic}
     uint ConcGCThreads                            = 1                                         {product} {ergonomic}
     uint G1ConcRefinementThreads                  = 4                                         {product} {ergonomic}
   size_t G1HeapRegionSize                         = 1048576                                   {product} {ergonomic}
    uintx GCDrainStackTargetSize                   = 64                                        {product} {ergonomic}
   size_t InitialHeapSize                          = 94371840                                  {product} {ergonomic}
   size_t MarkStackSize                            = 4194304                                   {product} {ergonomic}
   size_t MaxHeapSize                              = 1501560832                                {product} {ergonomic}
   size_t MaxNewSize                               = 900726784                                 {product} {ergonomic}
   size_t MinHeapDeltaBytes                        = 1048576                                   {product} {ergonomic}
   size_t MinHeapSize                              = 8388608                                   {product} {ergonomic}
    uintx NonNMethodCodeHeapSize                   = 5832780                                {pd product} {ergonomic}
    uintx NonProfiledCodeHeapSize                  = 122912730                              {pd product} {ergonomic}
    uintx ProfiledCodeHeapSize                     = 122912730                              {pd product} {ergonomic}
    uintx ReservedCodeCacheSize                    = 251658240                              {pd product} {ergonomic}
     bool SegmentedCodeCache                       = true                                      {product} {ergonomic}
   size_t SoftMaxHeapSize                          = 1501560832                             {manageable} {ergonomic}
     bool UseCompressedClassPointers               = true                           {product lp64_product} {ergonomic}
     bool UseCompressedOops                        = true                           {product lp64_product} {ergonomic}
     bool UseG1GC                                  = true                                      {product} {ergonomic}
     bool UseLargePagesIndividualAllocation        = false                                  {pd product} {ergonomic}

Logging:
Log output configuration:
 #0: stdout all=off uptime,level,tags
 #1: stderr all=off uptime,level,tags

Environment Variables:
PATH=D:\Embarcadero\Studio\22.0\bin;C:\Users\Public\Documents\Embarcadero\Studio\22.0\Bpl;D:\Embarcadero\Studio\22.0\bin64;C:\Program Files\Eclipse Foundation\jdk-11.0.12.7-hotspot\bin;C:\Program Files\AdoptOpenJDK\jdk-8.0.242.08-hotspot\bin;D:\!Univer\delphi\Bin;D:\!Univer\delphi\Projects\Bpl\;C:\Program Files (x86)\NVIDIA Corporation\PhysX\Common;C:\ProgramData\Oracle\Java\javapath;C:\WINDOWS\system32;C:\WINDOWS;C:\WINDOWS\System32\Wbem;C:\WINDOWS\System32\WindowsPowerShell\v1.0\;C:\Program Files\7-Zip;C:\WINDOWS\System32\OpenSSH\;D:\!Univer\delphi10\Windows Performance Toolkit\;C:\MinGW\bin;C:\Program Files\Git\cmd;C:\Users\admin\AppData\Local\Microsoft\WindowsApps;;C:\Users\admin\AppData\Local\Programs\Microsoft VS Code\bin
USERNAME=admin
OS=Windows_NT
PROCESSOR_IDENTIFIER=AMD64 Family 21 Model 101 Stepping 1, AuthenticAMD



---------------  S Y S T E M  ---------------

OS:
 Windows 10 , 64 bit Build 19041 (10.0.19041.1202)
OS uptime: 0 days 4:53 hours

CPU: total 4 (initial active 4) (4 cores per cpu, 1 threads per core) family 21 model 101 stepping 1 microcode 0x0, cx8, cmov, fxsr, mmx, 3dnowpref, sse, sse2, sse3, ssse3, sse4a, sse4.1, sse4.2, popcnt, lzcnt, tsc, tscinvbit, avx, avx2, aes, clmul, bmi1, bmi2, fma, vzeroupper, clflush

Memory: 4k page, system-wide physical 5727M (573M free)
TotalPageFile size 9311M (AvailPageFile size 2324M)
current process WorkingSet (physical memory assigned to process): 114M, peak: 136M
current process commit charge ("private bytes"): 213M, peak: 239M

vm_info: OpenJDK 64-Bit Server VM (17.0.1+12-39) for windows-amd64 JRE (17.0.1+12-39), built on Sep 27 2021 18:39:29 by "mach5one" with MS VC++ 16.8 (VS2019)

END.
